<?xml version="1.0" encoding="UTF-8"?>
<testng-results ignored="0" total="1" passed="1" failed="0" skipped="0">
  <reporter-output>
  </reporter-output>
  <suite started-at="2021-03-31T16:51:44Z" name="Default suite" finished-at="2021-03-31T16:51:56Z" duration-ms="12902">
    <groups>
    </groups>
    <test started-at="2021-03-31T16:51:44Z" name="Default test" finished-at="2021-03-31T16:51:56Z" duration-ms="12902">
      <class name="org.test.FrameworkTEST">
        <test-method is-config="true" signature="openapp()[pri:0, instance:org.test.FrameworkTEST@37858383]" started-at="2021-03-31T16:51:44Z" name="openapp" finished-at="2021-03-31T16:51:54Z" duration-ms="10109" status="PASS">
          <reporter-output>
          </reporter-output>
        </test-method> <!-- openapp -->
        <test-method signature="details()[pri:0, instance:org.test.FrameworkTEST@37858383]" started-at="2021-03-31T16:51:54Z" name="details" finished-at="2021-03-31T16:51:56Z" duration-ms="2750" status="PASS">
          <reporter-output>
          </reporter-output>
        </test-method> <!-- details -->
        <test-method is-config="true" signature="closeapp()[pri:0, instance:org.test.FrameworkTEST@37858383]" started-at="2021-03-31T16:51:56Z" name="closeapp" finished-at="2021-03-31T16:51:56Z" duration-ms="1" status="PASS">
          <reporter-output>
          </reporter-output>
        </test-method> <!-- closeapp -->
      </class> <!-- org.test.FrameworkTEST -->
    </test> <!-- Default test -->
  </suite> <!-- Default suite -->
</testng-results>
